F:\R&D\CALC-WINSERVICE\DEBUG\CALC-WINSERVICE.EXE
F:\R&D\CALC-WINSERVICE\DEBUG\CALC-WINSERVICE.EXE.EMBED.MANIFEST
F:\R&D\CALC-WINSERVICE\DEBUG\CALC-WINSERVICE.EXE.EMBED.MANIFEST.RES
F:\R&D\CALC-WINSERVICE\DEBUG\CALC-WINSERVICE.EXE.INTERMEDIATE.MANIFEST
F:\R&D\CALC-WINSERVICE\DEBUG\CALC-WINSERVICE.ILK
F:\R&D\CALC-WINSERVICE\DEBUG\CALC-WINSERVICE.OBJ
F:\R&D\CALC-WINSERVICE\DEBUG\CALC-WINSERVICE.PDB
F:\R&D\Calc-Winservice\Debug\Calc-Winservice.write.1.tlog
F:\R&D\Calc-Winservice\Debug\Calc-Winservice_manifest.rc
F:\R&D\Calc-Winservice\Debug\cl.command.1.tlog
F:\R&D\Calc-Winservice\Debug\CL.read.1.tlog
F:\R&D\Calc-Winservice\Debug\CL.write.1.tlog
F:\R&D\Calc-Winservice\Debug\link.15880.read.1.tlog
F:\R&D\Calc-Winservice\Debug\link.15880.write.1.tlog
F:\R&D\Calc-Winservice\Debug\link.15880-cvtres.read.1.tlog
F:\R&D\Calc-Winservice\Debug\link.15880-cvtres.write.1.tlog
F:\R&D\Calc-Winservice\Debug\link.command.1.tlog
F:\R&D\Calc-Winservice\Debug\link.read.1.tlog
F:\R&D\Calc-Winservice\Debug\link.write.1.tlog
F:\R&D\Calc-Winservice\Debug\link-cvtres.read.1.tlog
F:\R&D\Calc-Winservice\Debug\link-cvtres.write.1.tlog
F:\R&D\Calc-Winservice\Debug\mt.command.1.tlog
F:\R&D\Calc-Winservice\Debug\mt.read.1.tlog
F:\R&D\Calc-Winservice\Debug\mt.write.1.tlog
F:\R&D\Calc-Winservice\Debug\rc.command.1.tlog
F:\R&D\Calc-Winservice\Debug\rc.read.1.tlog
F:\R&D\Calc-Winservice\Debug\rc.write.1.tlog
F:\R&D\Calc-Winservice\Debug\vc100.idb
F:\R&D\CALC-WINSERVICE\DEBUG\VC100.PDB
